[612:11996:0912/181551:INFO:AppRunner.cpp(619)] Begin run process geeplayer
[612:11996:0912/181551:INFO:AppRunner.cpp(623)] ProductName is GeePlayer1
[612:11996:0912/181551:INFO:AppRunner.cpp(662)] apppluginbase version is 4.3.4.77
[612:11996:0912/181551:INFO:UIlib.cpp(192)] quilib: version is 4.3.4.75
[612:11996:0912/181551:INFO:serviceManager.cpp(687)] mainprocessisrunning key is set as 1
[612:11996:0912/181551:INFO:serviceManager.cpp(800)] create local service plugin PluginServerStatePlugin
[612:11996:0912/181551:INFO:serviceManager.cpp(857)] plugin PluginServerStatePlugin DoPluginInit
[612:11996:0912/181551:INFO:serviceManager.cpp(1523)] repository parse over
[612:11996:0912/181552:INFO:UIManager.cpp(372)] quilib:call set resouce path, path is c:\program files (x86)\iqiyi video\geeplayer\2.3.28.2725\skin
[612:11996:0912/181552:INFO:UIDlgBuilder.cpp(407)] quilib:create root control failed
[612:11996:0912/181552:INFO:UIDlgBuilder.cpp(407)] quilib:create root control failed
[612:11996:0912/181552:INFO:UIDlgBuilder.cpp(407)] quilib:create root control failed
[612:11996:0912/181552:INFO:UIDlgBuilder.cpp(407)] quilib:create root control failed
[612:11996:0912/181555:INFO:AppRunner.cpp(715)] loop exit geeplayer call main plugin DestoryPluginEntry
[612:11996:0912/181555:INFO:IPlugin.cpp(117)] real plugin mainPlugin call DestroyPlugin
[612:11996:0912/181555:INFO:IPlugin.cpp(374)] destruct plugin mainPlugin
[612:11996:0912/181555:INFO:serviceManager.cpp(1608)] mainPlugin plugin had destroy by DestructPlugin
[612:11996:0912/181555:INFO:serviceManager.cpp(2532)] DestructManager begin
[612:11996:0912/181555:INFO:IPlugin.cpp(374)] destruct plugin PluginServerStatePlugin
[612:11996:0912/181555:INFO:IPlugin.cpp(286)] real plugin PluginServerStatePlugin call DestroyPlugin
[612:11996:0912/181555:INFO:serviceManager.cpp(1608)] PluginServerStatePlugin plugin had destroy by DestructPlugin
[612:11996:0912/181555:INFO:serviceManager.cpp(2408)] DeleteLeftPlugins begin
[612:11996:0912/181555:INFO:serviceManager.cpp(2470)] DeleteLeftPlugins end
[612:11996:0912/181555:INFO:serviceManager.cpp(687)] mainprocessisrunning key is set as 0
[612:11996:0912/181555:INFO:AppRunner.cpp(730)] close mutex of process geeplayer
[612:11996:0912/181555:INFO:AppRunner.cpp(738)] run process geeplayer end
